
    Bookmarks bar
	    第一次租房尤其学生请仔细看下面内容
	    Nazo-Level-9
	    Nazo-Level-12
	    WizNote
	    django 1.5.1 apache2 wsgi 配置教程-chinaboywg-ChinaUnix博客
	    几种常用的设计模式介绍 - sengeiou的专栏 - 博客频道 - CSDN.NET
	    Rain Effect Experiments | Demo 1 | Codrops

	    Ubuntu and Free Software links
	    
	        Ubuntu
	        Ubuntu Wiki (community-edited website)
	        Make a Support Request to the Ubuntu Community
	        Debian (Ubuntu is based on Debian)
	        Ubuntu One - The personal cloud that brings your digital life together
	    
	    Mozilla Firefox
	    
	        Help and Tutorials
	        Customize Firefox
	        Get Involved
	        About Us
	    
	    Other Bookmarks
    
    

{
    "name": "Bookmarks",
    "add_date": 0,
    "last_modified": 0,
    "personal_tool_bar": "",
    "bookmarks": [
        {
            "title": "第一次租房尤其学生请仔细看下面内容",
            "url": "http://www.douban.com/group/topic/39622693/?qq-pf-to=pcqq.group",
            "description": "",
            "icon": "",
            "add_date ome": 1433786569
        },
        {
            "title": "Nazo-Level-9",
            "url": "http://cafebabe.cc/nazo/Clippy.html",
            "description": "",
            "icon": "",
            "add_date ome": 1433958383
        },
        {
            "title": "Nazo-Level-12",
            "url": "http://cafebabe.cc/nazo/basic/office.html",
            "description": "",
            "icon": "",
            "add_date ome": 1433964846
        },
        {
            "title": "WizNote",
            "url": "https://note.wiz.cn/web?cmd=ca%2C%2FMy%20Notes%2F\u0026kb=22d3a0d4-3295-400a-8267-c036cb567998",
            "description": "",
            "icon": "",
            "add_date ome": 1434378088
        },
        {
            "title": "django 1.5.1 apache2 wsgi 配置教程-chinaboywg-ChinaUnix博客",
            "url": "http://blog.chinaunix.net/uid-23500957-id-3838223.html",
            "description": "",
            "icon": "",
            "add_date ome": 1436187602
        },
        {
            "title": "几种常用的设计模式介绍 - sengeiou的专栏 - 博客频道 - CSDN.NET",
            "url": "http://blog.csdn.net/xsl1990/article/details/16359289",
            "description": "",
            "icon": "",
            "add_date ome": 1444645678
        },
        {
            "title": "Rain Effect Experiments | Demo 1 | Codrops",
            "url": "http://tympanus.net/Development/RainEffect/index.html",
            "description": "",
            "icon": "",
            "add_date ome": 1447403888
        }
    ],
    "children": [
        {
            "name": "Bookmarks bar",
            "add_date": 1473157635,
            "last_modified": 1513765735,
            "personal_tool_bar": "",
            "bookmarks": null,
            "children": null
        },
        {
            "name": "Ubuntu and Free Software links",
            "add_date": 1483950544,
            "last_modified": 1483950544,
            "personal_tool_bar": "",
            "bookmarks": [
                {
                    "title": "Ubuntu",
                    "url": "http://www.ubuntu.com/",
                    "description": "",
                    "icon": "",
                    "add_date ome": 1483950544
                },
                {
                    "title": "Ubuntu Wiki (community-edited website)",
                    "url": "http://wiki.ubuntu.com/",
                    "description": "",
                    "icon": "",
                    "add_date ome": 1483950544
                },
                {
                    "title": "Make a Support Request to the Ubuntu Community",
                    "url": "https://answers.launchpad.net/ubuntu/+addquestion",
                    "description": "",
                    "icon": "",
                    "add_date ome": 1483950544
                },
                {
                    "title": "Debian (Ubuntu is based on Debian)",
                    "url": "http://www.debian.org/",
                    "description": "",
                    "icon": "",
                    "add_date ome": 1483950544
                },
                {
                    "title": "Ubuntu One - The personal cloud that brings your digital life together",
                    "url": "https://one.ubuntu.com/",
                    "description": "",
                    "icon": "",
                    "add_date ome": 1483950544
                }
            ],
            "children": null
        },
        {
            "name": "Mozilla Firefox",
            "add_date": 1483950544,
            "last_modified": 1484015629,
            "personal_tool_bar": "",
            "bookmarks": [
                {
                    "title": "Help and Tutorials",
                    "url": "https://www.mozilla.org/en-US/firefox/help/",
                    "description": "",
                    "icon": "",
                    "add_date ome": 1483950544
                },
                {
                    "title": "Customize Firefox",
                    "url": "https://www.mozilla.org/en-US/firefox/customize/",
                    "description": "",
                    "icon": "",
                    "add_date ome": 1483950544
                },
                {
                    "title": "Get Involved",
                    "url": "https://www.mozilla.org/en-US/contribute/",
                    "description": "",
                    "icon": "",
                    "add_date ome": 1483950544
                },
                {
                    "title": "About Us",
                    "url": "https://www.mozilla.org/en-US/about/",
                    "description": "",
                    "icon": "",
                    "add_date ome": 1483950544
                }
            ],
            "children": null
        },
        {
            "name": "Other Bookmarks",
            "add_date": 1483950544,
            "last_modified": 1483950544,
            "personal_tool_bar": "",
            "bookmarks": null,
            "children": null
        }
    ]
}
